<?xml version="1.0" encoding="UTF-8"?>
<!-- Generated by org.testng.reporters.JUnitXMLReporter -->
<testsuite hostname="Air-Vladislav.local.tld" ignored="2" name="All functionalities" tests="18" failures="0" timestamp="2023-01-25T18:05:21 CST" time="270.995" errors="0">
  <testcase name="validateCheckboxes" time="3.332" classname="scripts.TechGlobalCheckBoxTest"/>
  <testcase name="validateCheckboxes2" time="3.315" classname="scripts.TechGlobalCheckBoxTest"/>
  <testcase name="dynamicElementsTest" time="2.142" classname="scripts.TechGlobalDynamicElementsTest"/>
  <testcase name="validateFrontendTestingURL" time="1.494" classname="scripts.TechGlobalFrontendTestingHomeTest"/>
  <testcase name="validateTechGlobalHeaderDropdownOptions" time="1.05" classname="scripts.TechGlobalHeaderTest"/>
  <testcase name="validateRadioButtons1" time="7.308" classname="scripts.TechGlobalRadioButtonTest"/>
  <testcase name="validateRadioButtons2" time="6.936" classname="scripts.TechGlobalRadioButtonTest"/>
  <testcase name="validateARedBoxIsDisplayed" time="37.523" classname="scripts.TechGlobalWaitsTest"/>
  <testcase name="selectDeliveryOption" time="6.446" classname="scripts.TechGlobalDropdownsTest"/>
  <testcase name="selectProductOption" time="0.164" classname="scripts.TechGlobalDropdownsTest"/>
  <testcase name="selectColorOption" time="0.144" classname="scripts.TechGlobalDropdownsTest"/>
  <testcase name="validateOrder" time="1.678" classname="scripts.TechGlobalDropdownsTest"/>
  <testcase name="validateTheAppleLink" time="4.822" classname="scripts.TechGlobalMultipleWindowsTest"/>
  <testcase name="validateLinksURLs" time="15.438" classname="scripts.TechGlobalMultipleWindowsTest"/>
  <testcase name="validateWarningAlert" time="1.046" classname="scripts.TechGlobalAlertsTest"/>
  <testcase name="validateConfirmationAlert" time="3.095" classname="scripts.TechGlobalAlertsTest"/>
  <testcase name="validationPromptAlert" time="1.2" classname="scripts.TechGlobalAlertsTest"/>
  <testcase name="popupValidation" time="1.384" classname="scripts.TechGlobalDynamicTablesTest"/>
  <testcase name="validateFrontendTestingCards" time="0.0" classname="scripts.TechGlobalFrontendTestingHomeTest">
    <ignored/>
  </testcase> <!-- validateFrontendTestingCards -->
  <testcase name="validateTechGlobalHeaderDropdown" time="0.0" classname="scripts.TechGlobalHeaderTest">
    <ignored/>
  </testcase> <!-- validateTechGlobalHeaderDropdown -->
</testsuite> <!-- All functionalities -->
