<?xml version="1.0" encoding="UTF-8"?>
<!-- Generated by org.testng.reporters.JUnitXMLReporter -->
<testsuite hostname="Air-Vladislav.local.tld" ignored="2" name="All functionalities" tests="18" failures="0" timestamp="2023-01-24T18:10:40 CST" time="268.81" errors="0">
  <testcase name="validateCheckboxes" time="3.301" classname="scripts.TechGlobalCheckBoxTest"/>
  <testcase name="validateCheckboxes2" time="3.241" classname="scripts.TechGlobalCheckBoxTest"/>
  <testcase name="dynamicElementsTest" time="2.203" classname="scripts.TechGlobalDynamicElementsTest"/>
  <testcase name="validateFrontendTestingURL" time="1.497" classname="scripts.TechGlobalFrontendTestingHomeTest"/>
  <testcase name="validateTechGlobalHeaderDropdownOptions" time="0.822" classname="scripts.TechGlobalHeaderTest"/>
  <testcase name="validateRadioButtons1" time="6.576" classname="scripts.TechGlobalRadioButtonTest"/>
  <testcase name="validateRadioButtons2" time="7.21" classname="scripts.TechGlobalRadioButtonTest"/>
  <testcase name="validateARedBoxIsDisplayed" time="37.297" classname="scripts.TechGlobalWaitsTest"/>
  <testcase name="selectDeliveryOption" time="6.435" classname="scripts.TechGlobalDropdownsTest"/>
  <testcase name="selectProductOption" time="0.162" classname="scripts.TechGlobalDropdownsTest"/>
  <testcase name="selectColorOption" time="0.143" classname="scripts.TechGlobalDropdownsTest"/>
  <testcase name="validateOrder" time="1.699" classname="scripts.TechGlobalDropdownsTest"/>
  <testcase name="validateTheAppleLink" time="3.296" classname="scripts.TechGlobalMultipleWindowsTest"/>
  <testcase name="validateLinksURLs" time="15.333" classname="scripts.TechGlobalMultipleWindowsTest"/>
  <testcase name="validateWarningAlert" time="1.019" classname="scripts.TechGlobalAlertsTest"/>
  <testcase name="validateConfirmationAlert" time="2.328" classname="scripts.TechGlobalAlertsTest"/>
  <testcase name="validationPromptAlert" time="0.449" classname="scripts.TechGlobalAlertsTest"/>
  <testcase name="popupValidation" time="1.372" classname="scripts.TechGlobalDynamicTablesTest"/>
  <testcase name="validateFrontendTestingCards" time="0.0" classname="scripts.TechGlobalFrontendTestingHomeTest">
    <ignored/>
  </testcase> <!-- validateFrontendTestingCards -->
  <testcase name="validateTechGlobalHeaderDropdown" time="0.0" classname="scripts.TechGlobalHeaderTest">
    <ignored/>
  </testcase> <!-- validateTechGlobalHeaderDropdown -->
</testsuite> <!-- All functionalities -->
