<?xml version="1.0" encoding="UTF-8"?>
<!-- Generated by org.testng.reporters.JUnitXMLReporter -->
<testsuite hostname="Air-Vladislav.local.tld" ignored="0" name="Command line test" tests="3" failures="0" timestamp="2023-01-15T10:32:05 CST" time="24.489" errors="0">
  <testcase name="validateTechGlobalLogo" time="0.118" classname="scripts.TechGlobalLogoTest"/>
  <testcase name="validateTechGlobalHeaderDropdown" time="0.16" classname="scripts.TechGlobalHeaderTest"/>
  <testcase name="validateTechGlobalHeaderDropdownOptions" time="0.566" classname="scripts.TechGlobalHeaderTest"/>
</testsuite> <!-- Command line test -->
