<?xml version="1.0" encoding="UTF-8"?>
<testng-results skipped="0" failed="0" ignored="0" total="3" passed="3">
  <reporter-output>
  </reporter-output>
  <suite name="Command line suite" duration-ms="24489" started-at="2023-01-15T10:31:40 CST" finished-at="2023-01-15T10:32:04 CST">
    <groups>
    </groups>
    <test name="Command line test" duration-ms="24489" started-at="2023-01-15T10:31:40 CST" finished-at="2023-01-15T10:32:04 CST">
      <class name="scripts.TechGlobalLogoTest">
        <test-method status="PASS" signature="setup()[pri:0, instance:scripts.TechGlobalLogoTest@239963d8]" name="setup" is-config="true" duration-ms="11203" started-at="2023-01-15T10:31:40 CST" finished-at="2023-01-15T10:31:51 CST">
          <reporter-output>
          </reporter-output>
        </test-method> <!-- setup -->
        <test-method status="PASS" signature="validateTechGlobalLogo()[pri:0, instance:scripts.TechGlobalLogoTest@239963d8]" name="validateTechGlobalLogo" duration-ms="118" started-at="2023-01-15T10:31:51 CST" finished-at="2023-01-15T10:31:51 CST">
          <reporter-output>
          </reporter-output>
        </test-method> <!-- validateTechGlobalLogo -->
        <test-method status="PASS" signature="teardown()[pri:0, instance:scripts.TechGlobalLogoTest@239963d8]" name="teardown" is-config="true" duration-ms="97" started-at="2023-01-15T10:31:51 CST" finished-at="2023-01-15T10:31:51 CST">
          <reporter-output>
          </reporter-output>
        </test-method> <!-- teardown -->
      </class> <!-- scripts.TechGlobalLogoTest -->
      <class name="scripts.TechGlobalHeaderTest">
        <test-method status="PASS" signature="setup()[pri:0, instance:scripts.TechGlobalHeaderTest@3abbfa04]" name="setup" is-config="true" duration-ms="6021" started-at="2023-01-15T10:31:51 CST" finished-at="2023-01-15T10:31:57 CST">
          <reporter-output>
          </reporter-output>
        </test-method> <!-- setup -->
        <test-method status="PASS" signature="validateTechGlobalHeaderDropdown()[pri:1, instance:scripts.TechGlobalHeaderTest@3abbfa04]" name="validateTechGlobalHeaderDropdown" duration-ms="160" started-at="2023-01-15T10:31:57 CST" finished-at="2023-01-15T10:31:58 CST">
          <reporter-output>
          </reporter-output>
        </test-method> <!-- validateTechGlobalHeaderDropdown -->
        <test-method status="PASS" signature="teardown()[pri:0, instance:scripts.TechGlobalHeaderTest@3abbfa04]" name="teardown" is-config="true" duration-ms="84" started-at="2023-01-15T10:31:58 CST" finished-at="2023-01-15T10:31:58 CST">
          <reporter-output>
          </reporter-output>
        </test-method> <!-- teardown -->
        <test-method status="PASS" signature="setup()[pri:0, instance:scripts.TechGlobalHeaderTest@3abbfa04]" name="setup" is-config="true" duration-ms="6094" started-at="2023-01-15T10:31:58 CST" finished-at="2023-01-15T10:32:04 CST">
          <reporter-output>
          </reporter-output>
        </test-method> <!-- setup -->
        <test-method status="PASS" signature="validateTechGlobalHeaderDropdownOptions()[pri:2, instance:scripts.TechGlobalHeaderTest@3abbfa04]" name="validateTechGlobalHeaderDropdownOptions" duration-ms="566" started-at="2023-01-15T10:32:04 CST" finished-at="2023-01-15T10:32:04 CST">
          <reporter-output>
          </reporter-output>
        </test-method> <!-- validateTechGlobalHeaderDropdownOptions -->
        <test-method status="PASS" signature="teardown()[pri:0, instance:scripts.TechGlobalHeaderTest@3abbfa04]" name="teardown" is-config="true" duration-ms="82" started-at="2023-01-15T10:32:04 CST" finished-at="2023-01-15T10:32:04 CST">
          <reporter-output>
          </reporter-output>
        </test-method> <!-- teardown -->
      </class> <!-- scripts.TechGlobalHeaderTest -->
    </test> <!-- Command line test -->
  </suite> <!-- Command line suite -->
</testng-results>
