<?xml version="1.0" encoding="UTF-8"?>
<testng-results skipped="0" failed="0" ignored="2" total="20" passed="18">
  <reporter-output>
  </reporter-output>
  <suite name="Regression" duration-ms="270995" started-at="2023-01-25T18:00:50 CST" finished-at="2023-01-25T18:05:21 CST">
    <groups>
    </groups>
    <test name="All functionalities" duration-ms="270995" started-at="2023-01-25T18:00:50 CST" finished-at="2023-01-25T18:05:21 CST">
      <class name="scripts.TechGlobalFrontendTestingHomeTest">
        <test-method status="PASS" signature="setup()[pri:0, instance:scripts.TechGlobalFrontendTestingHomeTest@3fee9989]" name="setup" is-config="true" duration-ms="7499" started-at="2023-01-25T18:01:29 CST" finished-at="2023-01-25T18:01:37 CST">
          <reporter-output>
          </reporter-output>
        </test-method> <!-- setup -->
        <test-method status="PASS" signature="setPage()[pri:0, instance:scripts.TechGlobalFrontendTestingHomeTest@3fee9989]" name="setPage" is-config="true" duration-ms="4" started-at="2023-01-25T18:01:37 CST" finished-at="2023-01-25T18:01:37 CST">
          <reporter-output>
          </reporter-output>
        </test-method> <!-- setPage -->
        <test-method status="PASS" signature="validateFrontendTestingURL()[pri:2, instance:scripts.TechGlobalFrontendTestingHomeTest@3fee9989]" name="validateFrontendTestingURL" duration-ms="1494" started-at="2023-01-25T18:01:37 CST" description="Validate URL" finished-at="2023-01-25T18:01:38 CST">
          <reporter-output>
          </reporter-output>
        </test-method> <!-- validateFrontendTestingURL -->
        <test-method status="PASS" signature="teardown()[pri:0, instance:scripts.TechGlobalFrontendTestingHomeTest@3fee9989]" name="teardown" is-config="true" duration-ms="83" started-at="2023-01-25T18:01:38 CST" finished-at="2023-01-25T18:01:38 CST">
          <reporter-output>
          </reporter-output>
        </test-method> <!-- teardown -->
      </class> <!-- scripts.TechGlobalFrontendTestingHomeTest -->
      <class name="scripts.TechGlobalRadioButtonTest">
        <test-method status="PASS" signature="setup()[pri:0, instance:scripts.TechGlobalRadioButtonTest@7085bdee]" name="setup" is-config="true" duration-ms="7679" started-at="2023-01-25T18:01:47 CST" finished-at="2023-01-25T18:01:55 CST">
          <reporter-output>
          </reporter-output>
        </test-method> <!-- setup -->
        <test-method status="PASS" signature="setPage()[pri:0, instance:scripts.TechGlobalRadioButtonTest@7085bdee]" name="setPage" is-config="true" duration-ms="13" started-at="2023-01-25T18:01:55 CST" finished-at="2023-01-25T18:01:55 CST">
          <reporter-output>
          </reporter-output>
        </test-method> <!-- setPage -->
        <test-method status="PASS" signature="validateRadioButtons1()[pri:1, instance:scripts.TechGlobalRadioButtonTest@7085bdee]" name="validateRadioButtons1" duration-ms="7308" started-at="2023-01-25T18:01:55 CST" finished-at="2023-01-25T18:02:02 CST">
          <reporter-output>
          </reporter-output>
        </test-method> <!-- validateRadioButtons1 -->
        <test-method status="PASS" signature="teardown()[pri:0, instance:scripts.TechGlobalRadioButtonTest@7085bdee]" name="teardown" is-config="true" duration-ms="93" started-at="2023-01-25T18:02:02 CST" finished-at="2023-01-25T18:02:02 CST">
          <reporter-output>
          </reporter-output>
        </test-method> <!-- teardown -->
        <test-method status="PASS" signature="setup()[pri:0, instance:scripts.TechGlobalRadioButtonTest@7085bdee]" name="setup" is-config="true" duration-ms="8715" started-at="2023-01-25T18:02:02 CST" finished-at="2023-01-25T18:02:11 CST">
          <reporter-output>
          </reporter-output>
        </test-method> <!-- setup -->
        <test-method status="PASS" signature="setPage()[pri:0, instance:scripts.TechGlobalRadioButtonTest@7085bdee]" name="setPage" is-config="true" duration-ms="4" started-at="2023-01-25T18:02:11 CST" finished-at="2023-01-25T18:02:11 CST">
          <reporter-output>
          </reporter-output>
        </test-method> <!-- setPage -->
        <test-method status="PASS" signature="validateRadioButtons2()[pri:2, instance:scripts.TechGlobalRadioButtonTest@7085bdee]" name="validateRadioButtons2" duration-ms="6936" started-at="2023-01-25T18:02:11 CST" finished-at="2023-01-25T18:02:18 CST">
          <reporter-output>
          </reporter-output>
        </test-method> <!-- validateRadioButtons2 -->
        <test-method status="PASS" signature="teardown()[pri:0, instance:scripts.TechGlobalRadioButtonTest@7085bdee]" name="teardown" is-config="true" duration-ms="88" started-at="2023-01-25T18:02:18 CST" finished-at="2023-01-25T18:02:18 CST">
          <reporter-output>
          </reporter-output>
        </test-method> <!-- teardown -->
      </class> <!-- scripts.TechGlobalRadioButtonTest -->
      <class name="scripts.TechGlobalDynamicElementsTest">
        <test-method status="PASS" signature="setup()[pri:0, instance:scripts.TechGlobalDynamicElementsTest@2f686d1f]" name="setup" is-config="true" duration-ms="7709" started-at="2023-01-25T18:01:19 CST" finished-at="2023-01-25T18:01:27 CST">
          <reporter-output>
          </reporter-output>
        </test-method> <!-- setup -->
        <test-method status="PASS" signature="setPage()[pri:0, instance:scripts.TechGlobalDynamicElementsTest@2f686d1f]" name="setPage" is-config="true" duration-ms="7" started-at="2023-01-25T18:01:27 CST" finished-at="2023-01-25T18:01:27 CST">
          <reporter-output>
          </reporter-output>
        </test-method> <!-- setPage -->
        <test-method status="PASS" signature="dynamicElementsTest()[pri:1, instance:scripts.TechGlobalDynamicElementsTest@2f686d1f]" name="dynamicElementsTest" duration-ms="2142" started-at="2023-01-25T18:01:27 CST" description="Testing Dynamic Web Elements" finished-at="2023-01-25T18:01:29 CST">
          <reporter-output>
          </reporter-output>
        </test-method> <!-- dynamicElementsTest -->
        <test-method status="PASS" signature="teardown()[pri:0, instance:scripts.TechGlobalDynamicElementsTest@2f686d1f]" name="teardown" is-config="true" duration-ms="81" started-at="2023-01-25T18:01:29 CST" finished-at="2023-01-25T18:01:29 CST">
          <reporter-output>
          </reporter-output>
        </test-method> <!-- teardown -->
      </class> <!-- scripts.TechGlobalDynamicElementsTest -->
      <class name="scripts.TechGlobalCheckBoxTest">
        <test-method status="PASS" signature="setup()[pri:0, instance:scripts.TechGlobalCheckBoxTest@4cf777e8]" name="setup" is-config="true" duration-ms="14808" started-at="2023-01-25T18:00:50 CST" finished-at="2023-01-25T18:01:05 CST">
          <reporter-output>
          </reporter-output>
        </test-method> <!-- setup -->
        <test-method status="PASS" signature="setPage()[pri:0, instance:scripts.TechGlobalCheckBoxTest@4cf777e8]" name="setPage" is-config="true" duration-ms="11" started-at="2023-01-25T18:01:05 CST" finished-at="2023-01-25T18:01:05 CST">
          <reporter-output>
          </reporter-output>
        </test-method> <!-- setPage -->
        <test-method status="PASS" signature="validateCheckboxes()[pri:1, instance:scripts.TechGlobalCheckBoxTest@4cf777e8]" name="validateCheckboxes" duration-ms="3332" started-at="2023-01-25T18:01:05 CST" description="Validate checkboxes" finished-at="2023-01-25T18:01:08 CST">
          <reporter-output>
          </reporter-output>
        </test-method> <!-- validateCheckboxes -->
        <test-method status="PASS" signature="teardown()[pri:0, instance:scripts.TechGlobalCheckBoxTest@4cf777e8]" name="teardown" is-config="true" duration-ms="87" started-at="2023-01-25T18:01:08 CST" finished-at="2023-01-25T18:01:08 CST">
          <reporter-output>
          </reporter-output>
        </test-method> <!-- teardown -->
        <test-method status="PASS" signature="setup()[pri:0, instance:scripts.TechGlobalCheckBoxTest@4cf777e8]" name="setup" is-config="true" duration-ms="7643" started-at="2023-01-25T18:01:08 CST" finished-at="2023-01-25T18:01:16 CST">
          <reporter-output>
          </reporter-output>
        </test-method> <!-- setup -->
        <test-method status="PASS" signature="setPage()[pri:0, instance:scripts.TechGlobalCheckBoxTest@4cf777e8]" name="setPage" is-config="true" duration-ms="1" started-at="2023-01-25T18:01:16 CST" finished-at="2023-01-25T18:01:16 CST">
          <reporter-output>
          </reporter-output>
        </test-method> <!-- setPage -->
        <test-method status="PASS" signature="validateCheckboxes2()[pri:2, instance:scripts.TechGlobalCheckBoxTest@4cf777e8]" name="validateCheckboxes2" duration-ms="3315" started-at="2023-01-25T18:01:16 CST" description="Validate checkboxes of second group" finished-at="2023-01-25T18:01:19 CST">
          <reporter-output>
          </reporter-output>
        </test-method> <!-- validateCheckboxes2 -->
        <test-method status="PASS" signature="teardown()[pri:0, instance:scripts.TechGlobalCheckBoxTest@4cf777e8]" name="teardown" is-config="true" duration-ms="83" started-at="2023-01-25T18:01:19 CST" finished-at="2023-01-25T18:01:19 CST">
          <reporter-output>
          </reporter-output>
        </test-method> <!-- teardown -->
      </class> <!-- scripts.TechGlobalCheckBoxTest -->
      <class name="scripts.TechGlobalMultipleWindowsTest">
        <test-method status="PASS" signature="setup()[pri:0, instance:scripts.TechGlobalMultipleWindowsTest@6fd02e5]" name="setup" is-config="true" duration-ms="8678" started-at="2023-01-25T18:03:53 CST" finished-at="2023-01-25T18:04:01 CST">
          <reporter-output>
          </reporter-output>
        </test-method> <!-- setup -->
        <test-method status="PASS" signature="setPage()[pri:0, instance:scripts.TechGlobalMultipleWindowsTest@6fd02e5]" name="setPage" is-config="true" duration-ms="2638" started-at="2023-01-25T18:04:01 CST" finished-at="2023-01-25T18:04:04 CST">
          <reporter-output>
          </reporter-output>
        </test-method> <!-- setPage -->
        <test-method status="PASS" signature="validateTheAppleLink()[pri:1, instance:scripts.TechGlobalMultipleWindowsTest@6fd02e5]" name="validateTheAppleLink" duration-ms="4822" started-at="2023-01-25T18:04:04 CST" description="Validate the Apple link" finished-at="2023-01-25T18:04:09 CST">
          <reporter-output>
          </reporter-output>
        </test-method> <!-- validateTheAppleLink -->
        <test-method status="PASS" signature="teardown()[pri:0, instance:scripts.TechGlobalMultipleWindowsTest@6fd02e5]" name="teardown" is-config="true" duration-ms="108" started-at="2023-01-25T18:04:09 CST" finished-at="2023-01-25T18:04:09 CST">
          <reporter-output>
          </reporter-output>
        </test-method> <!-- teardown -->
        <test-method status="PASS" signature="setup()[pri:0, instance:scripts.TechGlobalMultipleWindowsTest@6fd02e5]" name="setup" is-config="true" duration-ms="7468" started-at="2023-01-25T18:04:09 CST" finished-at="2023-01-25T18:04:16 CST">
          <reporter-output>
          </reporter-output>
        </test-method> <!-- setup -->
        <test-method status="PASS" signature="setPage()[pri:0, instance:scripts.TechGlobalMultipleWindowsTest@6fd02e5]" name="setPage" is-config="true" duration-ms="2486" started-at="2023-01-25T18:04:16 CST" finished-at="2023-01-25T18:04:19 CST">
          <reporter-output>
          </reporter-output>
        </test-method> <!-- setPage -->
        <test-method status="PASS" signature="validateLinksURLs()[pri:2, instance:scripts.TechGlobalMultipleWindowsTest@6fd02e5]" name="validateLinksURLs" duration-ms="15438" started-at="2023-01-25T18:04:19 CST" description="Validate link URLs" finished-at="2023-01-25T18:04:34 CST">
          <reporter-output>
          </reporter-output>
        </test-method> <!-- validateLinksURLs -->
        <test-method status="PASS" signature="teardown()[pri:0, instance:scripts.TechGlobalMultipleWindowsTest@6fd02e5]" name="teardown" is-config="true" duration-ms="105" started-at="2023-01-25T18:04:34 CST" finished-at="2023-01-25T18:04:34 CST">
          <reporter-output>
          </reporter-output>
        </test-method> <!-- teardown -->
      </class> <!-- scripts.TechGlobalMultipleWindowsTest -->
      <class name="scripts.TechGlobalAlertsTest">
        <test-method status="PASS" signature="setup()[pri:0, instance:scripts.TechGlobalAlertsTest@5bcab519]" name="setup" is-config="true" duration-ms="7689" started-at="2023-01-25T18:04:34 CST" finished-at="2023-01-25T18:04:42 CST">
          <reporter-output>
          </reporter-output>
        </test-method> <!-- setup -->
        <test-method status="PASS" signature="setPage()[pri:0, instance:scripts.TechGlobalAlertsTest@5bcab519]" name="setPage" is-config="true" duration-ms="2099" started-at="2023-01-25T18:04:42 CST" finished-at="2023-01-25T18:04:44 CST">
          <reporter-output>
          </reporter-output>
        </test-method> <!-- setPage -->
        <test-method status="PASS" signature="validateWarningAlert()[pri:1, instance:scripts.TechGlobalAlertsTest@5bcab519]" name="validateWarningAlert" duration-ms="1046" started-at="2023-01-25T18:04:44 CST" description="Validate warning Alert" finished-at="2023-01-25T18:04:45 CST">
          <reporter-output>
          </reporter-output>
        </test-method> <!-- validateWarningAlert -->
        <test-method status="PASS" signature="teardown()[pri:0, instance:scripts.TechGlobalAlertsTest@5bcab519]" name="teardown" is-config="true" duration-ms="83" started-at="2023-01-25T18:04:45 CST" finished-at="2023-01-25T18:04:45 CST">
          <reporter-output>
          </reporter-output>
        </test-method> <!-- teardown -->
        <test-method status="PASS" signature="setup()[pri:0, instance:scripts.TechGlobalAlertsTest@5bcab519]" name="setup" is-config="true" duration-ms="7023" started-at="2023-01-25T18:04:45 CST" finished-at="2023-01-25T18:04:52 CST">
          <reporter-output>
          </reporter-output>
        </test-method> <!-- setup -->
        <test-method status="PASS" signature="setPage()[pri:0, instance:scripts.TechGlobalAlertsTest@5bcab519]" name="setPage" is-config="true" duration-ms="2551" started-at="2023-01-25T18:04:52 CST" finished-at="2023-01-25T18:04:55 CST">
          <reporter-output>
          </reporter-output>
        </test-method> <!-- setPage -->
        <test-method status="PASS" signature="validateConfirmationAlert()[pri:2, instance:scripts.TechGlobalAlertsTest@5bcab519]" name="validateConfirmationAlert" duration-ms="3095" started-at="2023-01-25T18:04:55 CST" description="Validate Confirmation Alert" finished-at="2023-01-25T18:04:58 CST">
          <reporter-output>
          </reporter-output>
        </test-method> <!-- validateConfirmationAlert -->
        <test-method status="PASS" signature="teardown()[pri:0, instance:scripts.TechGlobalAlertsTest@5bcab519]" name="teardown" is-config="true" duration-ms="112" started-at="2023-01-25T18:04:58 CST" finished-at="2023-01-25T18:04:58 CST">
          <reporter-output>
          </reporter-output>
        </test-method> <!-- teardown -->
        <test-method status="PASS" signature="setup()[pri:0, instance:scripts.TechGlobalAlertsTest@5bcab519]" name="setup" is-config="true" duration-ms="7415" started-at="2023-01-25T18:04:58 CST" finished-at="2023-01-25T18:05:06 CST">
          <reporter-output>
          </reporter-output>
        </test-method> <!-- setup -->
        <test-method status="PASS" signature="setPage()[pri:0, instance:scripts.TechGlobalAlertsTest@5bcab519]" name="setPage" is-config="true" duration-ms="2140" started-at="2023-01-25T18:05:06 CST" finished-at="2023-01-25T18:05:08 CST">
          <reporter-output>
          </reporter-output>
        </test-method> <!-- setPage -->
        <test-method status="PASS" signature="validationPromptAlert()[pri:3, instance:scripts.TechGlobalAlertsTest@5bcab519]" name="validationPromptAlert" duration-ms="1200" started-at="2023-01-25T18:05:08 CST" description="Validation Prompt Alert" finished-at="2023-01-25T18:05:09 CST">
          <reporter-output>
          </reporter-output>
        </test-method> <!-- validationPromptAlert -->
        <test-method status="PASS" signature="teardown()[pri:0, instance:scripts.TechGlobalAlertsTest@5bcab519]" name="teardown" is-config="true" duration-ms="83" started-at="2023-01-25T18:05:09 CST" finished-at="2023-01-25T18:05:09 CST">
          <reporter-output>
          </reporter-output>
        </test-method> <!-- teardown -->
      </class> <!-- scripts.TechGlobalAlertsTest -->
      <class name="scripts.TechGlobalWaitsTest">
        <test-method status="PASS" signature="setup()[pri:0, instance:scripts.TechGlobalWaitsTest@1ce92674]" name="setup" is-config="true" duration-ms="8037" started-at="2023-01-25T18:02:18 CST" finished-at="2023-01-25T18:02:26 CST">
          <reporter-output>
          </reporter-output>
        </test-method> <!-- setup -->
        <test-method status="PASS" signature="setPage()[pri:0, instance:scripts.TechGlobalWaitsTest@1ce92674]" name="setPage" is-config="true" duration-ms="9" started-at="2023-01-25T18:02:26 CST" finished-at="2023-01-25T18:02:26 CST">
          <reporter-output>
          </reporter-output>
        </test-method> <!-- setPage -->
        <test-method status="PASS" signature="validateARedBoxIsDisplayed()[pri:1, instance:scripts.TechGlobalWaitsTest@1ce92674]" name="validateARedBoxIsDisplayed" duration-ms="37523" started-at="2023-01-25T18:02:26 CST" description="Validate a red box is displayed" finished-at="2023-01-25T18:03:04 CST">
          <reporter-output>
          </reporter-output>
        </test-method> <!-- validateARedBoxIsDisplayed -->
        <test-method status="PASS" signature="teardown()[pri:0, instance:scripts.TechGlobalWaitsTest@1ce92674]" name="teardown" is-config="true" duration-ms="89" started-at="2023-01-25T18:03:04 CST" finished-at="2023-01-25T18:03:04 CST">
          <reporter-output>
          </reporter-output>
        </test-method> <!-- teardown -->
      </class> <!-- scripts.TechGlobalWaitsTest -->
      <class name="scripts.TechGlobalDynamicTablesTest">
        <test-method status="PASS" signature="setup()[pri:0, instance:scripts.TechGlobalDynamicTablesTest@e45f292]" name="setup" is-config="true" duration-ms="8223" started-at="2023-01-25T18:05:09 CST" finished-at="2023-01-25T18:05:17 CST">
          <reporter-output>
          </reporter-output>
        </test-method> <!-- setup -->
        <test-method status="PASS" signature="setPage()[pri:0, instance:scripts.TechGlobalDynamicTablesTest@e45f292]" name="setPage" is-config="true" duration-ms="2252" started-at="2023-01-25T18:05:17 CST" finished-at="2023-01-25T18:05:20 CST">
          <reporter-output>
          </reporter-output>
        </test-method> <!-- setPage -->
        <test-method status="PASS" signature="popupValidation()[pri:1, instance:scripts.TechGlobalDynamicTablesTest@e45f292]" name="popupValidation" duration-ms="1384" started-at="2023-01-25T18:05:20 CST" description="pop up validation" finished-at="2023-01-25T18:05:21 CST">
          <reporter-output>
          </reporter-output>
        </test-method> <!-- popupValidation -->
        <test-method status="PASS" signature="teardown()[pri:0, instance:scripts.TechGlobalDynamicTablesTest@e45f292]" name="teardown" is-config="true" duration-ms="83" started-at="2023-01-25T18:05:21 CST" finished-at="2023-01-25T18:05:21 CST">
          <reporter-output>
          </reporter-output>
        </test-method> <!-- teardown -->
      </class> <!-- scripts.TechGlobalDynamicTablesTest -->
      <class name="scripts.TechGlobalHeaderTest">
        <test-method status="PASS" signature="setup()[pri:0, instance:scripts.TechGlobalHeaderTest@73ad2d6]" name="setup" is-config="true" duration-ms="7630" started-at="2023-01-25T18:01:38 CST" finished-at="2023-01-25T18:01:46 CST">
          <reporter-output>
          </reporter-output>
        </test-method> <!-- setup -->
        <test-method status="PASS" signature="validateTechGlobalHeaderDropdownOptions()[pri:2, instance:scripts.TechGlobalHeaderTest@73ad2d6]" name="validateTechGlobalHeaderDropdownOptions" duration-ms="1050" started-at="2023-01-25T18:01:46 CST" finished-at="2023-01-25T18:01:47 CST">
          <reporter-output>
          </reporter-output>
        </test-method> <!-- validateTechGlobalHeaderDropdownOptions -->
        <test-method status="PASS" signature="teardown()[pri:0, instance:scripts.TechGlobalHeaderTest@73ad2d6]" name="teardown" is-config="true" duration-ms="85" started-at="2023-01-25T18:01:47 CST" finished-at="2023-01-25T18:01:47 CST">
          <reporter-output>
          </reporter-output>
        </test-method> <!-- teardown -->
      </class> <!-- scripts.TechGlobalHeaderTest -->
      <class name="scripts.TechGlobalDropdownsTest">
        <test-method status="PASS" signature="setup()[pri:0, instance:scripts.TechGlobalDropdownsTest@5700d6b1]" name="setup" is-config="true" duration-ms="8287" started-at="2023-01-25T18:03:04 CST" finished-at="2023-01-25T18:03:12 CST">
          <reporter-output>
          </reporter-output>
        </test-method> <!-- setup -->
        <test-method status="PASS" signature="setPage()[pri:0, instance:scripts.TechGlobalDropdownsTest@5700d6b1]" name="setPage" is-config="true" duration-ms="2314" started-at="2023-01-25T18:03:12 CST" finished-at="2023-01-25T18:03:14 CST">
          <reporter-output>
          </reporter-output>
        </test-method> <!-- setPage -->
        <test-method status="PASS" signature="selectDeliveryOption()[pri:1, instance:scripts.TechGlobalDropdownsTest@5700d6b1]" name="selectDeliveryOption" duration-ms="6446" started-at="2023-01-25T18:03:14 CST" description="Select delivery option" finished-at="2023-01-25T18:03:21 CST">
          <reporter-output>
          </reporter-output>
        </test-method> <!-- selectDeliveryOption -->
        <test-method status="PASS" signature="teardown()[pri:0, instance:scripts.TechGlobalDropdownsTest@5700d6b1]" name="teardown" is-config="true" duration-ms="103" started-at="2023-01-25T18:03:21 CST" finished-at="2023-01-25T18:03:21 CST">
          <reporter-output>
          </reporter-output>
        </test-method> <!-- teardown -->
        <test-method status="PASS" signature="setup()[pri:0, instance:scripts.TechGlobalDropdownsTest@5700d6b1]" name="setup" is-config="true" duration-ms="7413" started-at="2023-01-25T18:03:21 CST" finished-at="2023-01-25T18:03:28 CST">
          <reporter-output>
          </reporter-output>
        </test-method> <!-- setup -->
        <test-method status="PASS" signature="setPage()[pri:0, instance:scripts.TechGlobalDropdownsTest@5700d6b1]" name="setPage" is-config="true" duration-ms="2285" started-at="2023-01-25T18:03:28 CST" finished-at="2023-01-25T18:03:30 CST">
          <reporter-output>
          </reporter-output>
        </test-method> <!-- setPage -->
        <test-method status="PASS" signature="selectProductOption()[pri:2, instance:scripts.TechGlobalDropdownsTest@5700d6b1]" name="selectProductOption" duration-ms="164" started-at="2023-01-25T18:03:30 CST" description=" Select &quot;iPhone 14 Pro Max&quot; option" finished-at="2023-01-25T18:03:31 CST">
          <reporter-output>
          </reporter-output>
        </test-method> <!-- selectProductOption -->
        <test-method status="PASS" signature="teardown()[pri:0, instance:scripts.TechGlobalDropdownsTest@5700d6b1]" name="teardown" is-config="true" duration-ms="83" started-at="2023-01-25T18:03:31 CST" finished-at="2023-01-25T18:03:31 CST">
          <reporter-output>
          </reporter-output>
        </test-method> <!-- teardown -->
        <test-method status="PASS" signature="setup()[pri:0, instance:scripts.TechGlobalDropdownsTest@5700d6b1]" name="setup" is-config="true" duration-ms="7555" started-at="2023-01-25T18:03:31 CST" finished-at="2023-01-25T18:03:38 CST">
          <reporter-output>
          </reporter-output>
        </test-method> <!-- setup -->
        <test-method status="PASS" signature="setPage()[pri:0, instance:scripts.TechGlobalDropdownsTest@5700d6b1]" name="setPage" is-config="true" duration-ms="2580" started-at="2023-01-25T18:03:38 CST" finished-at="2023-01-25T18:03:41 CST">
          <reporter-output>
          </reporter-output>
        </test-method> <!-- setPage -->
        <test-method status="PASS" signature="selectColorOption()[pri:3, instance:scripts.TechGlobalDropdownsTest@5700d6b1]" name="selectColorOption" duration-ms="144" started-at="2023-01-25T18:03:41 CST" description="Select Yellow option" finished-at="2023-01-25T18:03:41 CST">
          <reporter-output>
          </reporter-output>
        </test-method> <!-- selectColorOption -->
        <test-method status="PASS" signature="teardown()[pri:0, instance:scripts.TechGlobalDropdownsTest@5700d6b1]" name="teardown" is-config="true" duration-ms="84" started-at="2023-01-25T18:03:41 CST" finished-at="2023-01-25T18:03:41 CST">
          <reporter-output>
          </reporter-output>
        </test-method> <!-- teardown -->
        <test-method status="PASS" signature="setup()[pri:0, instance:scripts.TechGlobalDropdownsTest@5700d6b1]" name="setup" is-config="true" duration-ms="7556" started-at="2023-01-25T18:03:41 CST" finished-at="2023-01-25T18:03:49 CST">
          <reporter-output>
          </reporter-output>
        </test-method> <!-- setup -->
        <test-method status="PASS" signature="setPage()[pri:0, instance:scripts.TechGlobalDropdownsTest@5700d6b1]" name="setPage" is-config="true" duration-ms="2290" started-at="2023-01-25T18:03:49 CST" finished-at="2023-01-25T18:03:51 CST">
          <reporter-output>
          </reporter-output>
        </test-method> <!-- setPage -->
        <test-method status="PASS" signature="validateOrder()[pri:4, instance:scripts.TechGlobalDropdownsTest@5700d6b1]" name="validateOrder" duration-ms="1678" started-at="2023-01-25T18:03:51 CST" description="Validate the selected item message" finished-at="2023-01-25T18:03:53 CST">
          <reporter-output>
          </reporter-output>
        </test-method> <!-- validateOrder -->
        <test-method status="PASS" signature="teardown()[pri:0, instance:scripts.TechGlobalDropdownsTest@5700d6b1]" name="teardown" is-config="true" duration-ms="86" started-at="2023-01-25T18:03:53 CST" finished-at="2023-01-25T18:03:53 CST">
          <reporter-output>
          </reporter-output>
        </test-method> <!-- teardown -->
      </class> <!-- scripts.TechGlobalDropdownsTest -->
    </test> <!-- All functionalities -->
  </suite> <!-- Regression -->
</testng-results>
